<?xml version="1.0" encoding="UTF-8"?>
<!-- Generated by org.testng.reporters.JUnitReportReporter -->
<testsuite skipped="0" hostname="DESKTOP-OK58UGN" name="Runners.TestRunner" tests="7" failures="0" timestamp="2023-03-05T00:07:26 AEDT" time="248.459" errors="0">
  <testcase name="runScenario" time="15.571" classname="Runners.TestRunner"/>
  <system-out/>
  <testcase name="runScenario" time="18.869" classname="Runners.TestRunner"/>
  <system-out/>
  <testcase name="runScenario" time="66.816" classname="Runners.TestRunner"/>
  <system-out/>
  <testcase name="runScenario" time="28.810" classname="Runners.TestRunner"/>
  <system-out/>
  <testcase name="runScenario" time="47.019" classname="Runners.TestRunner"/>
  <system-out/>
  <testcase name="runScenario" time="46.581" classname="Runners.TestRunner"/>
  <system-out/>
  <testcase name="runScenario" time="24.793" classname="Runners.TestRunner"/>
  <system-out/>
</testsuite> <!-- Runners.TestRunner -->
