<?xml version="1.0" encoding="UTF-8"?>
<!-- Generated by org.testng.reporters.JUnitReportReporter -->
<testsuite skipped="0" hostname="DESKTOP-OK58UGN" name="Runners.TestRunner" tests="7" failures="0" timestamp="2023-03-05T00:58:44 AEDT" time="146.945" errors="0">
  <testcase name="runScenario" time="15.711" classname="Runners.TestRunner"/>
  <system-out/>
  <testcase name="runScenario" time="19.743" classname="Runners.TestRunner"/>
  <system-out/>
  <testcase name="runScenario" time="16.975" classname="Runners.TestRunner"/>
  <system-out/>
  <testcase name="runScenario" time="20.045" classname="Runners.TestRunner"/>
  <system-out/>
  <testcase name="runScenario" time="11.673" classname="Runners.TestRunner"/>
  <system-out/>
  <testcase name="runScenario" time="49.677" classname="Runners.TestRunner"/>
  <system-out/>
  <testcase name="runScenario" time="13.121" classname="Runners.TestRunner"/>
  <system-out/>
</testsuite> <!-- Runners.TestRunner -->
